C:\Program Files (x86)\Microsoft Visual Studio\2019\Community\MSBuild\Microsoft\VC\v160\Microsoft.CppBuild.targets(513,5): warning MSB8028: The intermediate directory (Debug\) contains files shared from another project (PCDII_A.vcxproj).  This can lead to incorrect clean and rebuild behavior.
  staffmodule.c
C:\Users\tcy70\source\repos\Project100\MLM.h(156,1): warning C4005: '_WIN32_WINNT': macro redefinition
C:\Program Files (x86)\Windows Kits\10\Include\10.0.19041.0\shared\sdkddkver.h(218): message : see previous definition of '_WIN32_WINNT'
C:\Users\tcy70\source\repos\Project100\staffmodule.c(110,7): warning C4101: 'content': unreferenced local variable
C:\Users\tcy70\source\repos\Project100\staffmodule.c(529,23): warning C4018: '<': signed/unsigned mismatch
C:\Users\tcy70\source\repos\Project100\staffmodule.c(543,13): warning C4477: 'printf' : format string '%d' requires an argument of type 'int', but variadic argument 3 has type 'char *'
C:\Users\tcy70\source\repos\Project100\staffmodule.c(550,10): warning C4013: 'gets' undefined; assuming extern returning int
C:\Users\tcy70\source\repos\Project100\staffmodule.c(704,23): warning C4018: '<': signed/unsigned mismatch
C:\Users\tcy70\source\repos\Project100\staffmodule.c(710,23): warning C4018: '<': signed/unsigned mismatch
C:\Users\tcy70\source\repos\Project100\staffmodule.c(716,23): warning C4018: '<': signed/unsigned mismatch
C:\Users\tcy70\source\repos\Project100\staffmodule.c(725,23): warning C4018: '<': signed/unsigned mismatch
C:\Users\tcy70\source\repos\Project100\staffmodule.c(492,7): warning C4101: 'name': unreferenced local variable
C:\Users\tcy70\source\repos\Project100\staffmodule.c(921,12): warning C4098: 'deletestaff': 'void' function returning a value
C:\Users\tcy70\source\repos\Project100\staffmodule.c(1074,17): warning C4028: formal parameter 1 different from declaration
C:\Users\tcy70\source\repos\Project100\staffmodule.c(1106,21): warning C4047: '=': 'char' differs in levels of indirection from 'char [2]'
C:\Users\tcy70\source\repos\Project100\staffmodule.c(1124,21): warning C4018: '<': signed/unsigned mismatch
C:\Users\tcy70\source\repos\Project100\staffmodule.c(1260,17): warning C4553: '==': result of expression not used; did you intend '='?
C:\Users\tcy70\source\repos\Project100\staffmodule.c(1261,17): warning C4553: '==': result of expression not used; did you intend '='?
C:\Users\tcy70\source\repos\Project100\staffmodule.c(1283,22): warning C4018: '<': signed/unsigned mismatch
C:\Users\tcy70\source\repos\Project100\staffmodule.c(1289,22): warning C4018: '<': signed/unsigned mismatch
C:\Users\tcy70\source\repos\Project100\staffmodule.c(1295,22): warning C4018: '<': signed/unsigned mismatch
C:\Users\tcy70\source\repos\Project100\staffmodule.c(1304,22): warning C4018: '<': signed/unsigned mismatch
C:\Users\tcy70\source\repos\Project100\staffmodule.c(1113,1): warning C4047: 'initializing': 'char' differs in levels of indirection from 'char [2]'
C:\Users\tcy70\source\repos\Project100\staffmodule.c(1447,6): warning C4101: 'match': unreferenced local variable
  Project100.vcxproj -> C:\Users\tcy70\source\repos\Project100\Debug\Project100.exe
